wyszukiwanie najwiekszej i drugiej najwiekszej liczby na
niepoindexowanym zbiorze 5.000.000 liczb rzeczywistych
trzecia metoda "pucharowa" to porownywanie par elementow ze soba.
czas startu losowania par do pierwszej rundy: 12/05/2020 13:19:58:656000000
czas startu odcinka pomiarowego: 1: 12/05/2020 13:19:58:656000000
czas startu pomiaru: 1: 12/05/2020 13:19:58:656000000
pomiar: 1; Ilosc par : 500000
liczba najwieksza : 199999875,322807285347445717993027793318
druga najwieksza liczba : 199999793,770128165144952629982286556177
czas konca pomiaru: 1: 12/05/2020 13:20:08:724000000
czas trwania pomiaru 1: +000000 00:00:10.068000000
czas startu pomiaru: 2: 12/05/2020 13:20:08:724000000
pomiar: 2; Ilosc par : 500000
liczba najwieksza : 199999875,322807285347445717993027793318
druga najwieksza liczba : 199999793,770128165144952629982286556177
czas konca pomiaru: 2: 12/05/2020 13:20:17:241000000
czas trwania pomiaru 2: +000000 00:00:08.517000000
czas startu pomiaru: 3: 12/05/2020 13:20:17:241000000
pomiar: 3; Ilosc par : 500000
liczba najwieksza : 199999875,322807285347445717993027793318
druga najwieksza liczba : 199999793,770128165144952629982286556177
czas konca pomiaru: 3: 12/05/2020 13:20:26:035000000
czas trwania pomiaru 3: +000000 00:00:08.794000000
czas startu pomiaru: 4: 12/05/2020 13:20:26:035000000
pomiar: 4; Ilosc par : 500000
liczba najwieksza : 199999875,322807285347445717993027793318
druga najwieksza liczba : 199999793,770128165144952629982286556177
czas konca pomiaru: 4: 12/05/2020 13:20:34:288000000
czas trwania pomiaru 4: +000000 00:00:08.253000000
czas startu pomiaru: 5: 12/05/2020 13:20:34:288000000
pomiar: 5; Ilosc par : 500000
liczba najwieksza : 199999875,322807285347445717993027793318
druga najwieksza liczba : 199999793,770128165144952629982286556177
czas konca pomiaru: 5: 12/05/2020 13:20:43:561000000
czas trwania pomiaru 5: +000000 00:00:09.273000000
czas startu pomiaru: 6: 12/05/2020 13:20:43:561000000
pomiar: 6; Ilosc par : 500000
liczba najwieksza : 199999875,322807285347445717993027793318
druga najwieksza liczba : 199999793,770128165144952629982286556177
czas konca pomiaru: 6: 12/05/2020 13:20:52:510000000
czas trwania pomiaru 6: +000000 00:00:08.949000000
czas startu pomiaru: 7: 12/05/2020 13:20:52:510000000
pomiar: 7; Ilosc par : 500000
liczba najwieksza : 199999875,322807285347445717993027793318
druga najwieksza liczba : 199999793,770128165144952629982286556177
czas konca pomiaru: 7: 12/05/2020 13:21:01:371000000
czas trwania pomiaru 7: +000000 00:00:08.861000000
czas startu pomiaru: 8: 12/05/2020 13:21:01:371000000
pomiar: 8; Ilosc par : 500000
liczba najwieksza : 199999875,322807285347445717993027793318
druga najwieksza liczba : 199999793,770128165144952629982286556177
czas konca pomiaru: 8: 12/05/2020 13:21:09:262000000
czas trwania pomiaru 8: +000000 00:00:07.891000000
czas startu pomiaru: 9: 12/05/2020 13:21:09:262000000
pomiar: 9; Ilosc par : 500000
liczba najwieksza : 199999875,322807285347445717993027793318
druga najwieksza liczba : 199999793,770128165144952629982286556177
czas konca pomiaru: 9: 12/05/2020 13:21:17:953000000
czas trwania pomiaru 9: +000000 00:00:08.691000000
czas startu pomiaru: 10: 12/05/2020 13:21:17:953000000
pomiar: 10; Ilosc par : 500000
liczba najwieksza : 199999875,322807285347445717993027793318
druga najwieksza liczba : 199999793,770128165144952629982286556177
czas konca pomiaru: 10: 12/05/2020 13:21:26:486000000
czas trwania pomiaru 10: +000000 00:00:08.533000000
czas zakonczenia odcinka pomiarowego: 1: 12/05/2020 13:21:26:486000000
czas trwania odcinka pomiarowego: +000000 00:01:27.830000000
czas startu odcinka pomiarowego: 2: 12/05/2020 13:21:26:486000000
czas startu pomiaru: 1: 12/05/2020 13:21:26:486000000
pomiar: 1; Ilosc par : 500000
liczba najwieksza : 199999912,021777984515448405564868455803
druga najwieksza liczba : 199999876,985771262328025489547595436749
czas konca pomiaru: 1: 12/05/2020 13:21:35:424000000
czas trwania pomiaru 1: +000000 00:00:08.938000000
czas startu pomiaru: 2: 12/05/2020 13:21:35:424000000
pomiar: 2; Ilosc par : 500000
liczba najwieksza : 199999912,021777984515448405564868455803
druga najwieksza liczba : 199999876,985771262328025489547595436749
czas konca pomiaru: 2: 12/05/2020 13:21:44:466000000
czas trwania pomiaru 2: +000000 00:00:09.042000000
czas startu pomiaru: 3: 12/05/2020 13:21:44:466000000
pomiar: 3; Ilosc par : 500000
liczba najwieksza : 199999912,021777984515448405564868455803
druga najwieksza liczba : 199999876,985771262328025489547595436749
czas konca pomiaru: 3: 12/05/2020 13:21:53:560000000
czas trwania pomiaru 3: +000000 00:00:09.094000000
czas startu pomiaru: 4: 12/05/2020 13:21:53:560000000
pomiar: 4; Ilosc par : 500000
liczba najwieksza : 199999912,021777984515448405564868455803
druga najwieksza liczba : 199999876,985771262328025489547595436749
czas konca pomiaru: 4: 12/05/2020 13:22:02:693000000
czas trwania pomiaru 4: +000000 00:00:09.133000000
czas startu pomiaru: 5: 12/05/2020 13:22:02:693000000
pomiar: 5; Ilosc par : 500000
liczba najwieksza : 199999912,021777984515448405564868455803
druga najwieksza liczba : 199999876,985771262328025489547595436749
czas konca pomiaru: 5: 12/05/2020 13:22:11:673000000
czas trwania pomiaru 5: +000000 00:00:08.980000000
czas startu pomiaru: 6: 12/05/2020 13:22:11:673000000
pomiar: 6; Ilosc par : 500000
liczba najwieksza : 199999912,021777984515448405564868455803
druga najwieksza liczba : 199999876,985771262328025489547595436749
czas konca pomiaru: 6: 12/05/2020 13:22:20:664000000
czas trwania pomiaru 6: +000000 00:00:08.991000000
czas startu pomiaru: 7: 12/05/2020 13:22:20:664000000
pomiar: 7; Ilosc par : 500000
liczba najwieksza : 199999912,021777984515448405564868455803
druga najwieksza liczba : 199999876,985771262328025489547595436749
czas konca pomiaru: 7: 12/05/2020 13:22:29:558000000
czas trwania pomiaru 7: +000000 00:00:08.894000000
czas startu pomiaru: 8: 12/05/2020 13:22:29:558000000
pomiar: 8; Ilosc par : 500000
liczba najwieksza : 199999912,021777984515448405564868455803
druga najwieksza liczba : 199999876,985771262328025489547595436749
czas konca pomiaru: 8: 12/05/2020 13:22:38:609000000
czas trwania pomiaru 8: +000000 00:00:09.051000000
czas startu pomiaru: 9: 12/05/2020 13:22:38:609000000
pomiar: 9; Ilosc par : 500000
liczba najwieksza : 199999912,021777984515448405564868455803
druga najwieksza liczba : 199999876,985771262328025489547595436749
czas konca pomiaru: 9: 12/05/2020 13:22:47:648000000
czas trwania pomiaru 9: +000000 00:00:09.039000000
czas startu pomiaru: 10: 12/05/2020 13:22:47:648000000
pomiar: 10; Ilosc par : 500000
liczba najwieksza : 199999912,021777984515448405564868455803
druga najwieksza liczba : 199999876,985771262328025489547595436749
czas konca pomiaru: 10: 12/05/2020 13:22:56:595000000
czas trwania pomiaru 10: +000000 00:00:08.947000000
czas zakonczenia odcinka pomiarowego: 2: 12/05/2020 13:22:56:595000000
czas trwania odcinka pomiarowego: +000000 00:01:30.109000000
czas startu odcinka pomiarowego: 3: 12/05/2020 13:22:56:595000000
czas startu pomiaru: 1: 12/05/2020 13:22:56:595000000
pomiar: 1; Ilosc par : 500000
liczba najwieksza : 199999976,822144220123443734744297061817
druga najwieksza liczba : 199999957,518477178546704695246631236513
czas konca pomiaru: 1: 12/05/2020 13:23:05:697000000
czas trwania pomiaru 1: +000000 00:00:09.102000000
czas startu pomiaru: 2: 12/05/2020 13:23:05:697000000
pomiar: 2; Ilosc par : 500000
liczba najwieksza : 199999976,822144220123443734744297061817
druga najwieksza liczba : 199999957,518477178546704695246631236513
czas konca pomiaru: 2: 12/05/2020 13:23:14:765000000
czas trwania pomiaru 2: +000000 00:00:09.068000000
czas startu pomiaru: 3: 12/05/2020 13:23:14:765000000
pomiar: 3; Ilosc par : 500000
liczba najwieksza : 199999976,822144220123443734744297061817
druga najwieksza liczba : 199999957,518477178546704695246631236513
czas konca pomiaru: 3: 12/05/2020 13:23:23:890000000
czas trwania pomiaru 3: +000000 00:00:09.125000000
czas startu pomiaru: 4: 12/05/2020 13:23:23:890000000
pomiar: 4; Ilosc par : 500000
liczba najwieksza : 199999976,822144220123443734744297061817
druga najwieksza liczba : 199999957,518477178546704695246631236513
czas konca pomiaru: 4: 12/05/2020 13:23:32:774000000
czas trwania pomiaru 4: +000000 00:00:08.884000000
czas startu pomiaru: 5: 12/05/2020 13:23:32:774000000
pomiar: 5; Ilosc par : 500000
liczba najwieksza : 199999976,822144220123443734744297061817
druga najwieksza liczba : 199999957,518477178546704695246631236513
czas konca pomiaru: 5: 12/05/2020 13:23:40:601000000
czas trwania pomiaru 5: +000000 00:00:07.827000000
czas startu pomiaru: 6: 12/05/2020 13:23:40:601000000
pomiar: 6; Ilosc par : 500000
liczba najwieksza : 199999976,822144220123443734744297061817
druga najwieksza liczba : 199999957,518477178546704695246631236513
czas konca pomiaru: 6: 12/05/2020 13:23:49:701000000
czas trwania pomiaru 6: +000000 00:00:09.100000000
czas startu pomiaru: 7: 12/05/2020 13:23:49:701000000
pomiar: 7; Ilosc par : 500000
liczba najwieksza : 199999976,822144220123443734744297061817
druga najwieksza liczba : 199999957,518477178546704695246631236513
czas konca pomiaru: 7: 12/05/2020 13:23:58:238000000
czas trwania pomiaru 7: +000000 00:00:08.537000000
czas startu pomiaru: 8: 12/05/2020 13:23:58:238000000
pomiar: 8; Ilosc par : 500000
liczba najwieksza : 199999976,822144220123443734744297061817
druga najwieksza liczba : 199999957,518477178546704695246631236513
czas konca pomiaru: 8: 12/05/2020 13:24:07:361000000
czas trwania pomiaru 8: +000000 00:00:09.123000000
czas startu pomiaru: 9: 12/05/2020 13:24:07:361000000
pomiar: 9; Ilosc par : 500000
liczba najwieksza : 199999976,822144220123443734744297061817
druga najwieksza liczba : 199999957,518477178546704695246631236513
czas konca pomiaru: 9: 12/05/2020 13:24:16:362000000
czas trwania pomiaru 9: +000000 00:00:09.001000000
czas startu pomiaru: 10: 12/05/2020 13:24:16:362000000
pomiar: 10; Ilosc par : 500000
liczba najwieksza : 199999976,822144220123443734744297061817
druga najwieksza liczba : 199999957,518477178546704695246631236513
czas konca pomiaru: 10: 12/05/2020 13:24:25:802000000
czas trwania pomiaru 10: +000000 00:00:09.440000000
czas zakonczenia odcinka pomiarowego: 3: 12/05/2020 13:24:25:802000000
czas trwania odcinka pomiarowego: +000000 00:01:29.207000000
czas startu odcinka pomiarowego: 4: 12/05/2020 13:24:25:802000000
czas startu pomiaru: 1: 12/05/2020 13:24:25:802000000
pomiar: 1; Ilosc par : 500000
liczba najwieksza : 199999582,249948424736515541532377843466
druga najwieksza liczba : 199999574,338218616054572039474142987711
czas konca pomiaru: 1: 12/05/2020 13:24:34:732000000
czas trwania pomiaru 1: +000000 00:00:08.930000000
czas startu pomiaru: 2: 12/05/2020 13:24:34:732000000
pomiar: 2; Ilosc par : 500000
liczba najwieksza : 199999582,249948424736515541532377843466
druga najwieksza liczba : 199999574,338218616054572039474142987711
czas konca pomiaru: 2: 12/05/2020 13:24:42:366000000
czas trwania pomiaru 2: +000000 00:00:07.634000000
czas startu pomiaru: 3: 12/05/2020 13:24:42:367000000
pomiar: 3; Ilosc par : 500000
liczba najwieksza : 199999582,249948424736515541532377843466
druga najwieksza liczba : 199999574,338218616054572039474142987711
czas konca pomiaru: 3: 12/05/2020 13:24:51:693000000
czas trwania pomiaru 3: +000000 00:00:09.326000000
czas startu pomiaru: 4: 12/05/2020 13:24:51:693000000
pomiar: 4; Ilosc par : 500000
liczba najwieksza : 199999582,249948424736515541532377843466
druga najwieksza liczba : 199999574,338218616054572039474142987711
czas konca pomiaru: 4: 12/05/2020 13:25:00:421000000
czas trwania pomiaru 4: +000000 00:00:08.728000000
czas startu pomiaru: 5: 12/05/2020 13:25:00:421000000
pomiar: 5; Ilosc par : 500000
liczba najwieksza : 199999582,249948424736515541532377843466
druga najwieksza liczba : 199999574,338218616054572039474142987711
czas konca pomiaru: 5: 12/05/2020 13:25:09:781000000
czas trwania pomiaru 5: +000000 00:00:09.360000000
czas startu pomiaru: 6: 12/05/2020 13:25:09:781000000
pomiar: 6; Ilosc par : 500000
liczba najwieksza : 199999582,249948424736515541532377843466
druga najwieksza liczba : 199999574,338218616054572039474142987711
czas konca pomiaru: 6: 12/05/2020 13:25:18:550000000
czas trwania pomiaru 6: +000000 00:00:08.769000000
czas startu pomiaru: 7: 12/05/2020 13:25:18:550000000
pomiar: 7; Ilosc par : 500000
liczba najwieksza : 199999582,249948424736515541532377843466
druga najwieksza liczba : 199999574,338218616054572039474142987711
czas konca pomiaru: 7: 12/05/2020 13:25:27:606000000
czas trwania pomiaru 7: +000000 00:00:09.056000000
czas startu pomiaru: 8: 12/05/2020 13:25:27:606000000
pomiar: 8; Ilosc par : 500000
liczba najwieksza : 199999582,249948424736515541532377843466
druga najwieksza liczba : 199999574,338218616054572039474142987711
czas konca pomiaru: 8: 12/05/2020 13:25:36:437000000
czas trwania pomiaru 8: +000000 00:00:08.831000000
czas startu pomiaru: 9: 12/05/2020 13:25:36:437000000
pomiar: 9; Ilosc par : 500000
liczba najwieksza : 199999582,249948424736515541532377843466
druga najwieksza liczba : 199999574,338218616054572039474142987711
czas konca pomiaru: 9: 12/05/2020 13:25:44:369000000
czas trwania pomiaru 9: +000000 00:00:07.932000000
czas startu pomiaru: 10: 12/05/2020 13:25:44:369000000
pomiar: 10; Ilosc par : 500000
liczba najwieksza : 199999582,249948424736515541532377843466
druga najwieksza liczba : 199999574,338218616054572039474142987711
czas konca pomiaru: 10: 12/05/2020 13:25:53:677000000
czas trwania pomiaru 10: +000000 00:00:09.308000000
czas zakonczenia odcinka pomiarowego: 4: 12/05/2020 13:25:53:677000000
czas trwania odcinka pomiarowego: +000000 00:01:27.875000000
czas startu odcinka pomiarowego: 5: 12/05/2020 13:25:53:677000000
czas startu pomiaru: 1: 12/05/2020 13:25:53:677000000
pomiar: 1; Ilosc par : 500000
liczba najwieksza : 199999973,925910255655569812574219135142
druga najwieksza liczba : 199999969,66517056043480557327130506809
czas konca pomiaru: 1: 12/05/2020 13:26:02:429000000
czas trwania pomiaru 1: +000000 00:00:08.752000000
czas startu pomiaru: 2: 12/05/2020 13:26:02:429000000
pomiar: 2; Ilosc par : 500000
liczba najwieksza : 199999973,925910255655569812574219135142
druga najwieksza liczba : 199999969,66517056043480557327130506809
czas konca pomiaru: 2: 12/05/2020 13:26:11:455000000
czas trwania pomiaru 2: +000000 00:00:09.026000000
czas startu pomiaru: 3: 12/05/2020 13:26:11:455000000
pomiar: 3; Ilosc par : 500000
liczba najwieksza : 199999973,925910255655569812574219135142
druga najwieksza liczba : 199999969,66517056043480557327130506809
czas konca pomiaru: 3: 12/05/2020 13:26:20:250000000
czas trwania pomiaru 3: +000000 00:00:08.795000000
czas startu pomiaru: 4: 12/05/2020 13:26:20:250000000
pomiar: 4; Ilosc par : 500000
liczba najwieksza : 199999973,925910255655569812574219135142
druga najwieksza liczba : 199999969,66517056043480557327130506809
czas konca pomiaru: 4: 12/05/2020 13:26:29:237000000
czas trwania pomiaru 4: +000000 00:00:08.987000000
czas startu pomiaru: 5: 12/05/2020 13:26:29:237000000
pomiar: 5; Ilosc par : 500000
liczba najwieksza : 199999973,925910255655569812574219135142
druga najwieksza liczba : 199999969,66517056043480557327130506809
czas konca pomiaru: 5: 12/05/2020 13:26:38:267000000
czas trwania pomiaru 5: +000000 00:00:09.030000000
czas startu pomiaru: 6: 12/05/2020 13:26:38:267000000
pomiar: 6; Ilosc par : 500000
liczba najwieksza : 199999973,925910255655569812574219135142
druga najwieksza liczba : 199999969,66517056043480557327130506809
czas konca pomiaru: 6: 12/05/2020 13:26:46:050000000
czas trwania pomiaru 6: +000000 00:00:07.783000000
czas startu pomiaru: 7: 12/05/2020 13:26:46:050000000
pomiar: 7; Ilosc par : 500000
liczba najwieksza : 199999973,925910255655569812574219135142
druga najwieksza liczba : 199999969,66517056043480557327130506809
czas konca pomiaru: 7: 12/05/2020 13:26:55:025000000
czas trwania pomiaru 7: +000000 00:00:08.975000000
czas startu pomiaru: 8: 12/05/2020 13:26:55:025000000
pomiar: 8; Ilosc par : 500000
liczba najwieksza : 199999973,925910255655569812574219135142
druga najwieksza liczba : 199999969,66517056043480557327130506809
czas konca pomiaru: 8: 12/05/2020 13:27:03:697000000
czas trwania pomiaru 8: +000000 00:00:08.672000000
czas startu pomiaru: 9: 12/05/2020 13:27:03:697000000
pomiar: 9; Ilosc par : 500000
liczba najwieksza : 199999973,925910255655569812574219135142
druga najwieksza liczba : 199999969,66517056043480557327130506809
czas konca pomiaru: 9: 12/05/2020 13:27:12:657000000
czas trwania pomiaru 9: +000000 00:00:08.960000000
czas startu pomiaru: 10: 12/05/2020 13:27:12:657000000
pomiar: 10; Ilosc par : 500000
liczba najwieksza : 199999973,925910255655569812574219135142
druga najwieksza liczba : 199999969,66517056043480557327130506809
czas konca pomiaru: 10: 12/05/2020 13:27:21:503000000
czas trwania pomiaru 10: +000000 00:00:08.846000000
czas zakonczenia odcinka pomiarowego: 5: 12/05/2020 13:27:21:503000000
czas trwania odcinka pomiarowego: +000000 00:01:27.826000000
ilosc rund potrzebnych do wyznaczsenia finalistow: : 0
czas zakonczenia wyszukiwania: 12/05/2020 13:27:21:503000000
czas trwania calego wyszukiwania: +000000 00:07:22.847000000

